<?xml version="1.0" encoding="UTF-8"?>
<!-- Generated by org.testng.reporters.JUnitXMLReporter -->
<testsuite ignored="0" hostname="LAPTOP-RG2DJRNT" failures="1" tests="1" name="Default test(failed)" time="9.473" errors="0" timestamp="2025-04-07T09:58:24 IST">
  <testcase classname="io.cucumber.testng.AbstractTestNGCucumberTests" name="runScenario" time="8.961">
    <failure type="java.lang.IllegalArgumentException" message="Keys to send should be a not null CharSequence">
      <![CDATA[java.lang.IllegalArgumentException: Keys to send should be a not null CharSequence
at org.openqa.selenium.remote.RemoteWebElement.sendKeys(RemoteWebElement.java:96)
at org.openqa.selenium.support.pagefactory.internal.LocatingElementHandler.invoke(LocatingElementHandler.java:51)
at jdk.proxy2/jdk.proxy2.$Proxy25.sendKeys(Unknown Source)
at com.Actions.LoginPageActions.setEmail(LoginPageActions.java:26)
at com.Definitions.LoginPageDefinition.the_user_is_able_to_visible_the_error(LoginPageDefinition.java:58)
at ✽.the User is able to visible the error(file:///D:/DemoWebShopPOM/src/test/resources/features/DemoWebShopPOM.feature:17)
... Removed 2 stack frames]]>
    </failure>
  </testcase> <!-- runScenario -->
</testsuite> <!-- Default test(failed) -->
