<?xml version="1.0" encoding="UTF-8"?>
<!-- Generated by org.testng.reporters.JUnitReportReporter -->
<testsuite hostname="LAPTOP-RG2DJRNT" failures="0" tests="2" name="com.Runner.runnerTestNG" time="53.587" errors="1" timestamp="2025-04-07T09:17:19 IST" skipped="0">
  <testcase classname="com.Runner.runnerTestNG" name="runScenario" time="26.863">
    <error message="Keys to send should be a not null CharSequence" type="java.lang.IllegalArgumentException">
      <![CDATA[java.lang.IllegalArgumentException: Keys to send should be a not null CharSequence
at org.openqa.selenium.remote.RemoteWebElement.sendKeys(RemoteWebElement.java:96)
at java.base/jdk.internal.reflect.DirectMethodHandleAccessor.invoke(DirectMethodHandleAccessor.java:103)
at java.base/java.lang.reflect.Method.invoke(Method.java:580)
at org.openqa.selenium.support.pagefactory.internal.LocatingElementHandler.invoke(LocatingElementHandler.java:51)
at jdk.proxy2/jdk.proxy2.$Proxy22.sendKeys(Unknown Source)
at com.Actions.LoginPageActions.setEmail(LoginPageActions.java:26)
at com.Definitions.LoginPageDefinition.the_user_is_able_to_visible_the_error(LoginPageDefinition.java:55)
at ✽.the User is able to visible the error(file:///D:/DemoWebShopPOM/src/test/resources/features/DemoWebShopPOM.feature:17)
]]>
    </error>
  </testcase> <!-- runScenario -->
  <testcase classname="com.Runner.runnerTestNG" name="runScenario" time="26.724"/>
</testsuite> <!-- com.Runner.runnerTestNG -->
